 
New instance of bashtop version: 0.9.25 Pid: 65462
 
New instance of bashtop version: 0.9.25 Pid: 439657
 
New instance of bashtop version: 0.9.25 Pid: 443301
 
New instance of bashtop version: 0.9.25 Pid: 443675
 
New instance of bashtop version: 0.9.25 Pid: 548151
 
New instance of bashtop version: 0.9.25 Pid: 548739
 
New instance of bashtop version: 0.9.25 Pid: 192557
 
New instance of bashtop version: 0.9.25 Pid: 195248
 
New instance of bashtop version: 0.9.25 Pid: 502592
 
New instance of bashtop version: 0.9.25 Pid: 253199
 
New instance of bashtop version: 0.9.25 Pid: 274264
 
New instance of bashtop version: 0.9.25 Pid: 204309
 
New instance of bashtop version: 0.9.25 Pid: 220518
error: process ID out of range

Usage:
 ps [options]

 Try 'ps --help <simple|list|output|threads|misc|all>'
  or 'ps --help <s|l|o|t|m|a>'
 for additional help text.

For more details see ps(1).
22:54:30 ERROR: On line 2457 
 
New instance of bashtop version: 0.9.25 Pid: 4639
 
New instance of bashtop version: 0.9.25 Pid: 77315
 
New instance of bashtop version: 0.9.25 Pid: 35731
 
New instance of bashtop version: 0.9.25 Pid: 365107
 
New instance of bashtop version: 0.9.25 Pid: 208104
